--------- beginning of main
05-12 03:07:33.132 31874 31890 I VestigeSttD: STT-D using backend=Cpu
05-12 03:10:08.767 31874 31890 I VestigeSttD: ENTRY id=A1 elapsed=144222ms lenses_parsed=3/3 model_calls=3
05-12 03:10:08.767 31874 31890 I VestigeSttD:   LITERAL tags=[standup,doc] energy=flattened commitment=null flags=0 attempts=1 err=-
05-12 03:10:08.767 31874 31890 I VestigeSttD:   INFERENTIAL tags=[standup,late-night,doc,staring] energy=flattened commitment=null flags=0 attempts=1 err=-
05-12 03:10:08.767 31874 31890 I VestigeSttD:   SKEPTICAL tags=[standup,doc,flattened] energy=flattened commitment=null flags=1 attempts=1 err=-
05-12 03:10:08.767 31874 31890 I VestigeSttD:   RAW id=A1 lens=LITERAL attempts=1 err=- fields={tags=[standup, doc], energy_descriptor=flattened, state_shift=true, vocabulary_contradictions=[], stated_commitment=null, recurrence_link=null, recurrence_kind=null} flags=[]
05-12 03:10:08.767 31874 31890 I VestigeSttD:   RAW id=A1 lens=INFERENTIAL attempts=1 err=- fields={tags=[standup, late-night, doc, staring], energy_descriptor=flattened, state_shift=true, vocabulary_contradictions=[], stated_commitment=null, recurrence_link=null, recurrence_kind=null} flags=[]
05-12 03:10:08.767 31874 31890 I VestigeSttD:   RAW id=A1 lens=SKEPTICAL attempts=1 err=- fields={tags=[standup, doc, flattened], energy_descriptor=flattened, state_shift=true, vocabulary_contradictions=[], stated_commitment=null, recurrence_link=null, recurrence_kind=null} flags=[state-behavior-mismatch:I was fine before it, then completely flattened by 11.:The user states they were fine but then describes a state change.]
05-12 03:10:08.767 31874 31890 I VestigeSttD:   DIVERGENCE id=A1 disagree_fields=[tags] inferential_only=[] skeptical_flags_kept=[state-behavior-mismatch:I was fine before it, then completely flattened by 11.:The user states they were fine but then describes a state change.] meaningful=true
05-12 03:12:32.970 31874 31890 I VestigeSttD: ENTRY id=A2 elapsed=144201ms lenses_parsed=3/3 model_calls=3
05-12 03:12:32.970 31874 31890 I VestigeSttD:   LITERAL tags=[meeting,late-night] energy=null commitment=null flags=0 attempts=1 err=-
05-12 03:12:32.970 31874 31890 I VestigeSttD:   INFERENTIAL tags=[meeting,late-night] energy=null commitment=null flags=0 attempts=1 err=-
05-12 03:12:32.970 31874 31890 I VestigeSttD:   SKEPTICAL tags=[meeting,late-night] energy=null commitment=null flags=0 attempts=1 err=-
05-12 03:12:32.970 31874 31890 I VestigeSttD:   RAW id=A2 lens=LITERAL attempts=1 err=- fields={tags=[meeting, late-night], energy_descriptor=null, state_shift=false, vocabulary_contradictions=[], stated_commitment=null, recurrence_link=null, recurrence_kind=null} flags=[]
05-12 03:12:32.970 31874 31890 I VestigeSttD:   RAW id=A2 lens=INFERENTIAL attempts=1 err=- fields={tags=[meeting, late-night], energy_descriptor=null, state_shift=false, vocabulary_contradictions=[], stated_commitment=null, recurrence_link=null, recurrence_kind=null} flags=[]
05-12 03:12:32.970 31874 31890 I VestigeSttD:   RAW id=A2 lens=SKEPTICAL attempts=1 err=- fields={tags=[meeting, late-night], energy_descriptor=null, state_shift=false, vocabulary_contradictions=[], stated_commitment=null, recurrence_link=null, recurrence_kind=null} flags=[]
05-12 03:12:32.970 31874 31890 I VestigeSttD:   DIVERGENCE id=A2 disagree_fields=[] inferential_only=[] skeptical_flags_kept=[] meaningful=false
05-12 03:15:09.849 31874 31890 I VestigeSttD: ENTRY id=A3 elapsed=156877ms lenses_parsed=3/3 model_calls=3
05-12 03:15:09.849 31874 31890 I VestigeSttD:   LITERAL tags=[roadmap-call,post-meeting,corpse-routine,tabs-open,zero-movement] energy=null commitment=null flags=0 attempts=1 err=-
05-12 03:15:09.849 31874 31890 I VestigeSttD:   INFERENTIAL tags=[post-meeting,corpse-routine,tabs-open,zero-movement] energy=null commitment=null flags=0 attempts=1 err=-
05-12 03:15:09.849 31874 31890 I VestigeSttD:   SKEPTICAL tags=[roadmap-call,post-meeting,corpse-routine,tabs-open,zero-movement] energy=null commitment=null flags=0 attempts=1 err=-
05-12 03:15:09.849 31874 31890 I VestigeSttD:   RAW id=A3 lens=LITERAL attempts=1 err=- fields={tags=[roadmap-call, post-meeting, corpse-routine, tabs-open, zero-movement], energy_descriptor=null, state_shift=false, vocabulary_contradictions=[], stated_commitment=null, recurrence_link=null, recurrence_kind=null} flags=[]
05-12 03:15:09.849 31874 31890 I VestigeSttD:   RAW id=A3 lens=INFERENTIAL attempts=1 err=- fields={tags=[post-meeting, corpse-routine, tabs-open, zero-movement], energy_descriptor=null, state_shift=false, vocabulary_contradictions=[], stated_commitment=null, recurrence_link=null, recurrence_kind=null} flags=[]
05-12 03:15:09.849 31874 31890 I VestigeSttD:   RAW id=A3 lens=SKEPTICAL attempts=1 err=- fields={tags=[roadmap-call, post-meeting, corpse-routine, tabs-open, zero-movement], energy_descriptor=null, state_shift=false, vocabulary_contradictions=[], stated_commitment=null, recurrence_link=null, recurrence_kind=null} flags=[]
05-12 03:15:09.849 31874 31890 I VestigeSttD:   DIVERGENCE id=A3 disagree_fields=[tags] inferential_only=[] skeptical_flags_kept=[] meaningful=true
05-12 03:17:23.971 31874 31890 I VestigeSttD: ENTRY id=A4 elapsed=134119ms lenses_parsed=3/3 model_calls=3
05-12 03:17:23.971 31874 31890 I VestigeSttD:   LITERAL tags=[battery-yanked] energy=null commitment=null flags=0 attempts=1 err=-
05-12 03:17:23.971 31874 31890 I VestigeSttD:   INFERENTIAL tags=[battery-yanked] energy=null commitment=null flags=0 attempts=1 err=-
05-12 03:17:23.971 31874 31890 I VestigeSttD:   SKEPTICAL tags=[battery-drain,sync] energy=null commitment=null flags=0 attempts=1 err=-
05-12 03:17:23.971 31874 31890 I VestigeSttD:   RAW id=A4 lens=LITERAL attempts=1 err=- fields={tags=[battery-yanked], energy_descriptor=null, state_shift=false, vocabulary_contradictions=[], stated_commitment=null, recurrence_link=null, recurrence_kind=null} flags=[]
05-12 03:17:23.971 31874 31890 I VestigeSttD:   RAW id=A4 lens=INFERENTIAL attempts=1 err=- fields={tags=[battery-yanked], energy_descriptor=null, state_shift=false, vocabulary_contradictions=[], stated_commitment=null, recurrence_link=null, recurrence_kind=null} flags=[]
05-12 03:17:23.971 31874 31890 I VestigeSttD:   RAW id=A4 lens=SKEPTICAL attempts=1 err=- fields={tags=[battery-drain, sync], energy_descriptor=null, state_shift=false, vocabulary_contradictions=[], stated_commitment=null, recurrence_link=null, recurrence_kind=null} flags=[]
05-12 03:17:23.971 31874 31890 I VestigeSttD:   DIVERGENCE id=A4 disagree_fields=[tags] inferential_only=[] skeptical_flags_kept=[] meaningful=true
05-12 03:19:41.490 31874 31890 I VestigeSttD: ENTRY id=A5 elapsed=137515ms lenses_parsed=3/3 model_calls=3
05-12 03:19:41.491 31874 31890 I VestigeSttD:   LITERAL tags=[client-review,hollow] energy=hollow commitment=null flags=0 attempts=1 err=-
05-12 03:19:41.491 31874 31890 I VestigeSttD:   INFERENTIAL tags=[client-review,hollow] energy=hollow commitment=null flags=0 attempts=1 err=-
05-12 03:19:41.492 31874 31890 I VestigeSttD:   SKEPTICAL tags=[client-review,hollow] energy=hollow commitment=null flags=0 attempts=1 err=-
05-12 03:19:41.493 31874 31890 I VestigeSttD:   RAW id=A5 lens=LITERAL attempts=1 err=- fields={tags=[client-review, hollow], energy_descriptor=hollow, state_shift=false, vocabulary_contradictions=[], stated_commitment=null, recurrence_link=null, recurrence_kind=null} flags=[]
05-12 03:19:41.493 31874 31890 I VestigeSttD:   RAW id=A5 lens=INFERENTIAL attempts=1 err=- fields={tags=[client-review, hollow], energy_descriptor=hollow, state_shift=false, vocabulary_contradictions=[], stated_commitment=null, recurrence_link=null, recurrence_kind=null} flags=[]
05-12 03:19:41.494 31874 31890 I VestigeSttD:   RAW id=A5 lens=SKEPTICAL attempts=1 err=- fields={tags=[client-review, hollow], energy_descriptor=hollow, state_shift=true, vocabulary_contradictions=[], stated_commitment=null, recurrence_link=null, recurrence_kind=null} flags=[]
05-12 03:19:41.494 31874 31890 I VestigeSttD:   DIVERGENCE id=A5 disagree_fields=[state_shift] inferential_only=[] skeptical_flags_kept=[] meaningful=true
05-12 03:22:00.928 31874 31890 I VestigeSttD: ENTRY id=A6 elapsed=139428ms lenses_parsed=3/3 model_calls=3
05-12 03:22:00.930 31874 31890 I VestigeSttD:   LITERAL tags=[planning-call,static,awake,not] energy=null commitment=null flags=0 attempts=1 err=-
05-12 03:22:00.931 31874 31890 I VestigeSttD:   INFERENTIAL tags=[planning-call,static,awake,not-awake] energy=null commitment=null flags=0 attempts=1 err=-
05-12 03:22:00.931 31874 31890 I VestigeSttD:   SKEPTICAL tags=[planning-call,static,awake,not-awake] energy=null commitment=null flags=0 attempts=1 err=-
05-12 03:22:00.932 31874 31890 I VestigeSttD:   RAW id=A6 lens=LITERAL attempts=1 err=- fields={tags=[planning-call, static, awake, not], energy_descriptor=null, state_shift=false, vocabulary_contradictions=[], stated_commitment=null, recurrence_link=null, recurrence_kind=null} flags=[]
05-12 03:22:00.937 31874 31890 I VestigeSttD:   RAW id=A6 lens=INFERENTIAL attempts=1 err=- fields={tags=[planning-call, static, awake, not-awake], energy_descriptor=null, state_shift=false, vocabulary_contradictions=[], stated_commitment=null, recurrence_link=null, recurrence_kind=null} flags=[]
05-12 03:22:00.938 31874 31890 I VestigeSttD:   RAW id=A6 lens=SKEPTICAL attempts=1 err=- fields={tags=[planning-call, static, awake, not-awake], energy_descriptor=null, state_shift=false, vocabulary_contradictions=[], stated_commitment=null, recurrence_link=null, recurrence_kind=null} flags=[]
05-12 03:22:00.938 31874 31890 I VestigeSttD:   DIVERGENCE id=A6 disagree_fields=[tags] inferential_only=[] skeptical_flags_kept=[] meaningful=true
05-12 03:24:19.657 31874 31890 I VestigeSttD: ENTRY id=B1 elapsed=138715ms lenses_parsed=3/3 model_calls=3
05-12 03:24:19.658 31874 31890 I VestigeSttD:   LITERAL tags=[invoice-email,closing-it] energy=null commitment=null flags=0 attempts=1 err=-
05-12 03:24:19.658 31874 31890 I VestigeSttD:   INFERENTIAL tags=[invoice-email,closing-task] energy=null commitment=null flags=0 attempts=1 err=-
05-12 03:24:19.658 31874 31890 I VestigeSttD:   SKEPTICAL tags=[invoice-email,closing-task] energy=null commitment=null flags=0 attempts=1 err=-
05-12 03:24:19.658 31874 31890 I VestigeSttD:   RAW id=B1 lens=LITERAL attempts=1 err=- fields={tags=[invoice-email, closing-it], energy_descriptor=null, state_shift=false, vocabulary_contradictions=[], stated_commitment=null, recurrence_link=null, recurrence_kind=null} flags=[]
05-12 03:24:19.658 31874 31890 I VestigeSttD:   RAW id=B1 lens=INFERENTIAL attempts=1 err=- fields={tags=[invoice-email, closing-task], energy_descriptor=null, state_shift=false, vocabulary_contradictions=[], stated_commitment=null, recurrence_link=null, recurrence_kind=null} flags=[]
05-12 03:24:19.658 31874 31890 I VestigeSttD:   RAW id=B1 lens=SKEPTICAL attempts=1 err=- fields={tags=[invoice-email, closing-task], energy_descriptor=null, state_shift=false, vocabulary_contradictions=[], stated_commitment=null, recurrence_link=null, recurrence_kind=null} flags=[]
05-12 03:24:19.659 31874 31890 I VestigeSttD:   DIVERGENCE id=B1 disagree_fields=[tags] inferential_only=[] skeptical_flags_kept=[] meaningful=true
05-12 03:26:56.518 31874 31890 I VestigeSttD: ENTRY id=B2 elapsed=156855ms lenses_parsed=3/3 model_calls=3
05-12 03:26:56.519 31874 31890 I VestigeSttD:   LITERAL tags=[invoice,desktop-reorganization] energy=null commitment=present flags=0 attempts=1 err=-
05-12 03:26:56.519 31874 31890 I VestigeSttD:   INFERENTIAL tags=[invoice,desktop-reorganization] energy=null commitment=present flags=0 attempts=1 err=-
05-12 03:26:56.520 31874 31890 I VestigeSttD:   SKEPTICAL tags=[invoice,desktop-reorganization] energy=null commitment=present flags=1 attempts=1 err=-
05-12 03:26:56.520 31874 31890 I VestigeSttD:   RAW id=B2 lens=LITERAL attempts=1 err=- fields={tags=[invoice, desktop-reorganization], energy_descriptor=null, state_shift=false, vocabulary_contradictions=[], stated_commitment={text=I would send the invoice today, topic_or_person=invoice}, recurrence_link=null, recurrence_kind=null} flags=[]
05-12 03:26:56.520 31874 31890 I VestigeSttD:   RAW id=B2 lens=INFERENTIAL attempts=1 err=- fields={tags=[invoice, desktop-reorganization], energy_descriptor=null, state_shift=false, vocabulary_contradictions=[], stated_commitment={text=I would send the invoice today, topic_or_person=invoice}, recurrence_link=null, recurrence_kind=null} flags=[]
05-12 03:26:56.521 31874 31890 I VestigeSttD:   RAW id=B2 lens=SKEPTICAL attempts=1 err=- fields={tags=[invoice, desktop-reorganization], energy_descriptor=null, state_shift=false, vocabulary_contradictions=[], stated_commitment={text=I would send the invoice today, topic_or_person=invoice}, recurrence_link=null, recurrence_kind=null} flags=[commitment-without-anchor:reorganized the desktop:The commitment to send the invoice lacks a concrete object for the reorganization.]
05-12 03:26:56.521 31874 31890 I VestigeSttD:   DIVERGENCE id=B2 disagree_fields=[] inferential_only=[] skeptical_flags_kept=[commitment-without-anchor:reorganized the desktop:The commitment to send the invoice lacks a concrete object for the reorganization.] meaningful=true
05-12 03:29:13.805 31874 31890 I VestigeSttD: ENTRY id=B3 elapsed=137279ms lenses_parsed=3/3 model_calls=3
05-12 03:29:13.805 31874 31890 I VestigeSttD:   LITERAL tags=[invoice,cursor] energy=null commitment=null flags=0 attempts=1 err=-
05-12 03:29:13.805 31874 31890 I VestigeSttD:   INFERENTIAL tags=[invoice,cursor] energy=null commitment=null flags=0 attempts=1 err=-
05-12 03:29:13.806 31874 31890 I VestigeSttD:   SKEPTICAL tags=[invoice,cursor] energy=null commitment=null flags=0 attempts=1 err=-
05-12 03:29:13.806 31874 31890 I VestigeSttD:   RAW id=B3 lens=LITERAL attempts=1 err=- fields={tags=[invoice, cursor], energy_descriptor=null, state_shift=false, vocabulary_contradictions=[], stated_commitment=null, recurrence_link=null, recurrence_kind=null} flags=[]
05-12 03:29:13.806 31874 31890 I VestigeSttD:   RAW id=B3 lens=INFERENTIAL attempts=1 err=- fields={tags=[invoice, cursor], energy_descriptor=null, state_shift=false, vocabulary_contradictions=[], stated_commitment=null, recurrence_link=null, recurrence_kind=null} flags=[]
05-12 03:29:13.806 31874 31890 I VestigeSttD:   RAW id=B3 lens=SKEPTICAL attempts=1 err=- fields={tags=[invoice, cursor], energy_descriptor=null, state_shift=false, vocabulary_contradictions=[], stated_commitment=null, recurrence_link=null, recurrence_kind=null} flags=[]
05-12 03:29:13.806 31874 31890 I VestigeSttD:   DIVERGENCE id=B3 disagree_fields=[] inferential_only=[] skeptical_flags_kept=[] meaningful=false
05-12 03:31:36.501 31874 31890 I VestigeSttD: ENTRY id=C1 elapsed=142689ms lenses_parsed=3/3 model_calls=3
05-12 03:31:36.503 31874 31890 I VestigeSttD:   LITERAL tags=[task-app,decision-loop] energy=null commitment=null flags=0 attempts=1 err=-
05-12 03:31:36.504 31874 31890 I VestigeSttD:   INFERENTIAL tags=[task-app-selection,decision-loop] energy=null commitment=null flags=0 attempts=1 err=-
05-12 03:31:36.505 31874 31890 I VestigeSttD:   SKEPTICAL tags=[task-app-selection,decision-loop] energy=null commitment=null flags=0 attempts=1 err=-
05-12 03:31:36.506 31874 31890 I VestigeSttD:   RAW id=C1 lens=LITERAL attempts=1 err=- fields={tags=[task-app, decision-loop], energy_descriptor=null, state_shift=false, vocabulary_contradictions=[], stated_commitment=null, recurrence_link=null, recurrence_kind=null} flags=[]
05-12 03:31:36.507 31874 31890 I VestigeSttD:   RAW id=C1 lens=INFERENTIAL attempts=1 err=- fields={tags=[task-app-selection, decision-loop], energy_descriptor=null, state_shift=false, vocabulary_contradictions=[], stated_commitment=null, recurrence_link=null, recurrence_kind=null} flags=[]
05-12 03:31:36.507 31874 31890 I VestigeSttD:   RAW id=C1 lens=SKEPTICAL attempts=1 err=- fields={tags=[task-app-selection, decision-loop], energy_descriptor=null, state_shift=false, vocabulary_contradictions=[], stated_commitment=null, recurrence_link=null, recurrence_kind=null} flags=[]
05-12 03:31:36.508 31874 31890 I VestigeSttD:   DIVERGENCE id=C1 disagree_fields=[tags] inferential_only=[] skeptical_flags_kept=[] meaningful=true
05-12 03:33:59.148 31874 31890 I VestigeSttD: ENTRY id=C2 elapsed=142635ms lenses_parsed=3/3 model_calls=3
05-12 03:33:59.148 31874 31890 I VestigeSttD:   LITERAL tags=[task-app,decision-loop] energy=null commitment=null flags=0 attempts=1 err=-
05-12 03:33:59.148 31874 31890 I VestigeSttD:   INFERENTIAL tags=[decision-loop,task-app] energy=null commitment=null flags=0 attempts=1 err=-
05-12 03:33:59.148 31874 31890 I VestigeSttD:   SKEPTICAL tags=[task-app,decision-loop] energy=null commitment=null flags=0 attempts=1 err=-
05-12 03:33:59.148 31874 31890 I VestigeSttD:   RAW id=C2 lens=LITERAL attempts=1 err=- fields={tags=[task-app, decision-loop], energy_descriptor=null, state_shift=false, vocabulary_contradictions=[], stated_commitment=null, recurrence_link=null, recurrence_kind=null} flags=[]
05-12 03:33:59.149 31874 31890 I VestigeSttD:   RAW id=C2 lens=INFERENTIAL attempts=1 err=- fields={tags=[decision-loop, task-app], energy_descriptor=null, state_shift=false, vocabulary_contradictions=[], stated_commitment=null, recurrence_link=null, recurrence_kind=null} flags=[]
05-12 03:33:59.149 31874 31890 I VestigeSttD:   RAW id=C2 lens=SKEPTICAL attempts=1 err=- fields={tags=[task-app, decision-loop], energy_descriptor=null, state_shift=false, vocabulary_contradictions=[], stated_commitment=null, recurrence_link=null, recurrence_kind=null} flags=[]
05-12 03:33:59.149 31874 31890 I VestigeSttD:   DIVERGENCE id=C2 disagree_fields=[] inferential_only=[] skeptical_flags_kept=[] meaningful=false
05-12 03:36:27.623 31874 31890 I VestigeSttD: ENTRY id=C3 elapsed=148473ms lenses_parsed=3/3 model_calls=3
05-12 03:36:27.624 31874 31890 I VestigeSttD:   LITERAL tags=[comparison-table] energy=null commitment=null flags=0 attempts=1 err=-
05-12 03:36:27.624 31874 31890 I VestigeSttD:   INFERENTIAL tags=[comparison-table,exposure-therapy] energy=null commitment=null flags=0 attempts=1 err=-
05-12 03:36:27.624 31874 31890 I VestigeSttD:   SKEPTICAL tags=[comparison-table] energy=null commitment=null flags=0 attempts=1 err=-
05-12 03:36:27.624 31874 31890 I VestigeSttD:   RAW id=C3 lens=LITERAL attempts=1 err=- fields={tags=[comparison-table], energy_descriptor=null, state_shift=false, vocabulary_contradictions=[], stated_commitment=null, recurrence_link=null, recurrence_kind=null} flags=[]
05-12 03:36:27.625 31874 31890 I VestigeSttD:   RAW id=C3 lens=INFERENTIAL attempts=1 err=- fields={tags=[comparison-table, exposure-therapy], energy_descriptor=null, state_shift=false, vocabulary_contradictions=[], stated_commitment=null, recurrence_link=null, recurrence_kind=null} flags=[]
05-12 03:36:27.625 31874 31890 I VestigeSttD:   RAW id=C3 lens=SKEPTICAL attempts=1 err=- fields={tags=[comparison-table], energy_descriptor=null, state_shift=false, vocabulary_contradictions=[], stated_commitment=null, recurrence_link=null, recurrence_kind=null} flags=[]
05-12 03:36:27.625 31874 31890 I VestigeSttD:   DIVERGENCE id=C3 disagree_fields=[tags] inferential_only=[] skeptical_flags_kept=[] meaningful=true
05-12 03:39:02.581 31874 31890 I VestigeSttD: ENTRY id=D1 elapsed=154953ms lenses_parsed=3/3 model_calls=3
05-12 03:39:02.582 31874 31890 I VestigeSttD:   LITERAL tags=[late-night,notes-app,administrative-haunting] energy=null commitment=null flags=0 attempts=1 err=-
05-12 03:39:02.583 31874 31890 I VestigeSttD:   INFERENTIAL tags=[late-night,notes-app,rearranging] energy=null commitment=null flags=0 attempts=1 err=-
05-12 03:39:02.583 31874 31890 I VestigeSttD:   SKEPTICAL tags=[late-night,notes-app,rearranging] energy=null commitment=null flags=0 attempts=1 err=-
05-12 03:39:02.584 31874 31890 I VestigeSttD:   RAW id=D1 lens=LITERAL attempts=1 err=- fields={tags=[late-night, notes-app, administrative-haunting], energy_descriptor=null, state_shift=false, vocabulary_contradictions=[], stated_commitment=null, recurrence_link=null, recurrence_kind=null} flags=[]
05-12 03:39:02.584 31874 31890 I VestigeSttD:   RAW id=D1 lens=INFERENTIAL attempts=1 err=- fields={tags=[late-night, notes-app, rearranging], energy_descriptor=null, state_shift=false, vocabulary_contradictions=[], stated_commitment=null, recurrence_link=null, recurrence_kind=null} flags=[]
05-12 03:39:02.584 31874 31890 I VestigeSttD:   RAW id=D1 lens=SKEPTICAL attempts=1 err=- fields={tags=[late-night, notes-app, rearranging], energy_descriptor=null, state_shift=false, vocabulary_contradictions=[], stated_commitment=null, recurrence_link=null, recurrence_kind=null} flags=[]
05-12 03:39:02.585 31874 31890 I VestigeSttD:   DIVERGENCE id=D1 disagree_fields=[tags] inferential_only=[] skeptical_flags_kept=[] meaningful=true
05-12 03:41:34.500 31874 31890 I VestigeSttD: ENTRY id=D2 elapsed=151909ms lenses_parsed=3/3 model_calls=3
05-12 03:41:34.500 31874 31890 I VestigeSttD:   LITERAL tags=[late-night,folder-structure] energy=null commitment=null flags=0 attempts=1 err=-
05-12 03:41:34.501 31874 31890 I VestigeSttD:   INFERENTIAL tags=[late-night,decision-loop] energy=null commitment=null flags=0 attempts=1 err=-
05-12 03:41:34.502 31874 31890 I VestigeSttD:   SKEPTICAL tags=[late-night,decision-loop] energy=null commitment=null flags=0 attempts=1 err=-
05-12 03:41:34.502 31874 31890 I VestigeSttD:   RAW id=D2 lens=LITERAL attempts=1 err=- fields={tags=[late-night, folder-structure], energy_descriptor=null, state_shift=false, vocabulary_contradictions=[], stated_commitment=null, recurrence_link=null, recurrence_kind=null} flags=[]
05-12 03:41:34.502 31874 31890 I VestigeSttD:   RAW id=D2 lens=INFERENTIAL attempts=1 err=- fields={tags=[late-night, decision-loop], energy_descriptor=null, state_shift=false, vocabulary_contradictions=[], stated_commitment=null, recurrence_link=null, recurrence_kind=null} flags=[]
05-12 03:41:34.502 31874 31890 I VestigeSttD:   RAW id=D2 lens=SKEPTICAL attempts=1 err=- fields={tags=[late-night, decision-loop], energy_descriptor=null, state_shift=false, vocabulary_contradictions=[], stated_commitment=null, recurrence_link=null, recurrence_kind=null} flags=[]
05-12 03:41:34.502 31874 31890 I VestigeSttD:   DIVERGENCE id=D2 disagree_fields=[tags] inferential_only=[] skeptical_flags_kept=[] meaningful=true
05-12 03:44:04.781 31874 31890 I VestigeSttD: ENTRY id=D3 elapsed=150277ms lenses_parsed=3/3 model_calls=3
05-12 03:44:04.781 31874 31890 I VestigeSttD:   LITERAL tags=[4am,archive,naming-convention] energy=null commitment=null flags=0 attempts=1 err=-
05-12 03:44:04.781 31874 31890 I VestigeSttD:   INFERENTIAL tags=[4am,archive,naming-convention] energy=null commitment=null flags=0 attempts=1 err=-
05-12 03:44:04.781 31874 31890 I VestigeSttD:   SKEPTICAL tags=[4:07am,archive,naming-convention] energy=null commitment=null flags=0 attempts=1 err=-
05-12 03:44:04.781 31874 31890 I VestigeSttD:   RAW id=D3 lens=LITERAL attempts=1 err=- fields={tags=[4am, archive, naming-convention], energy_descriptor=null, state_shift=false, vocabulary_contradictions=[], stated_commitment=null, recurrence_link=null, recurrence_kind=null} flags=[]
05-12 03:44:04.781 31874 31890 I VestigeSttD:   RAW id=D3 lens=INFERENTIAL attempts=1 err=- fields={tags=[4am, archive, naming-convention], energy_descriptor=null, state_shift=false, vocabulary_contradictions=[], stated_commitment=null, recurrence_link=null, recurrence_kind=null} flags=[]
05-12 03:44:04.781 31874 31890 I VestigeSttD:   RAW id=D3 lens=SKEPTICAL attempts=1 err=- fields={tags=[4:07am, archive, naming-convention], energy_descriptor=null, state_shift=false, vocabulary_contradictions=[], stated_commitment=null, recurrence_link=null, recurrence_kind=null} flags=[]
05-12 03:44:04.781 31874 31890 I VestigeSttD:   DIVERGENCE id=D3 disagree_fields=[tags] inferential_only=[] skeptical_flags_kept=[] meaningful=true
05-12 03:44:04.781 31874 31890 I VestigeSttD: === STT-D summary: 12/15 divergent ===
05-12 03:44:04.781 31874 31890 I VestigeSttD:   A1: meaningful=true fields=[tags] skeptical_flags=1 inferential_only=[] elapsed=144222ms
05-12 03:44:04.781 31874 31890 I VestigeSttD:   A2: meaningful=false fields=[] skeptical_flags=0 inferential_only=[] elapsed=144201ms
05-12 03:44:04.781 31874 31890 I VestigeSttD:   A3: meaningful=true fields=[tags] skeptical_flags=0 inferential_only=[] elapsed=156877ms
05-12 03:44:04.782 31874 31890 I VestigeSttD:   A4: meaningful=true fields=[tags] skeptical_flags=0 inferential_only=[] elapsed=134119ms
05-12 03:44:04.782 31874 31890 I VestigeSttD:   A5: meaningful=true fields=[state_shift] skeptical_flags=0 inferential_only=[] elapsed=137515ms
05-12 03:44:04.782 31874 31890 I VestigeSttD:   A6: meaningful=true fields=[tags] skeptical_flags=0 inferential_only=[] elapsed=139428ms
05-12 03:44:04.782 31874 31890 I VestigeSttD:   B1: meaningful=true fields=[tags] skeptical_flags=0 inferential_only=[] elapsed=138715ms
05-12 03:44:04.782 31874 31890 I VestigeSttD:   B2: meaningful=true fields=[] skeptical_flags=1 inferential_only=[] elapsed=156855ms
05-12 03:44:04.782 31874 31890 I VestigeSttD:   B3: meaningful=false fields=[] skeptical_flags=0 inferential_only=[] elapsed=137279ms
05-12 03:44:04.782 31874 31890 I VestigeSttD:   C1: meaningful=true fields=[tags] skeptical_flags=0 inferential_only=[] elapsed=142689ms
05-12 03:44:04.782 31874 31890 I VestigeSttD:   C2: meaningful=false fields=[] skeptical_flags=0 inferential_only=[] elapsed=142635ms
05-12 03:44:04.782 31874 31890 I VestigeSttD:   C3: meaningful=true fields=[tags] skeptical_flags=0 inferential_only=[] elapsed=148473ms
05-12 03:44:04.782 31874 31890 I VestigeSttD:   D1: meaningful=true fields=[tags] skeptical_flags=0 inferential_only=[] elapsed=154953ms
05-12 03:44:04.782 31874 31890 I VestigeSttD:   D2: meaningful=true fields=[tags] skeptical_flags=0 inferential_only=[] elapsed=151909ms
05-12 03:44:04.782 31874 31890 I VestigeSttD:   D3: meaningful=true fields=[tags] skeptical_flags=0 inferential_only=[] elapsed=150277ms
