--------- beginning of main
05-12 12:03:54.363 28546 28559 I VestigeSttD: STT-D using backend=Gpu
05-12 12:04:43.711 28546 28559 I VestigeSttD: ENTRY id=A1 elapsed=32522ms lenses_parsed=3/3 model_calls=3
05-12 12:04:43.712 28546 28559 I VestigeSttD:   LITERAL tags=[standup,doc] energy=flattened commitment=null flags=0 attempts=1 err=-
05-12 12:04:43.712 28546 28559 I VestigeSttD:   INFERENTIAL tags=[standup,flattened] energy=flattened commitment=null flags=0 attempts=1 err=-
05-12 12:04:43.712 28546 28559 I VestigeSttD:   SKEPTICAL tags=[standup,flattened] energy=flattened commitment=null flags=1 attempts=1 err=-
05-12 12:04:43.712 28546 28559 I VestigeSttD:   RAW id=A1 lens=LITERAL attempts=1 err=- fields={tags=[standup, doc], energy_descriptor=flattened, state_shift=true, vocabulary_contradictions=[], stated_commitment=null, recurrence_link=null, recurrence_kind=null} flags=[]
05-12 12:04:43.712 28546 28559 I VestigeSttD:   RAW id=A1 lens=INFERENTIAL attempts=1 err=- fields={tags=[standup, flattened], energy_descriptor=flattened, state_shift=true, vocabulary_contradictions=[], stated_commitment=null, recurrence_link=null, recurrence_kind=null} flags=[]
05-12 12:04:43.712 28546 28559 I VestigeSttD:   RAW id=A1 lens=SKEPTICAL attempts=1 err=- fields={tags=[standup, flattened], energy_descriptor=flattened, state_shift=true, vocabulary_contradictions=[], stated_commitment=null, recurrence_link=null, recurrence_kind=null} flags=[state-behavior-mismatch:I was fine before it, then completely flattened by 111:The state change from fine to flattened lacks a triggering event.]
05-12 12:04:43.712 28546 28559 I VestigeSttD:   DIVERGENCE id=A1 disagree_fields=[tags] inferential_only=[] skeptical_flags_kept=[state-behavior-mismatch:I was fine before it, then completely flattened by 111:The state change from fine to flattened lacks a triggering event.] meaningful=true
05-12 12:05:15.429 28546 28559 I VestigeSttD: ENTRY id=A2 elapsed=31714ms lenses_parsed=3/3 model_calls=3
05-12 12:05:15.429 28546 28559 I VestigeSttD:   LITERAL tags=[meeting,late-night] energy=null commitment=null flags=0 attempts=1 err=-
05-12 12:05:15.429 28546 28559 I VestigeSttD:   INFERENTIAL tags=[meeting,late-night] energy=null commitment=null flags=0 attempts=1 err=-
05-12 12:05:15.429 28546 28559 I VestigeSttD:   SKEPTICAL tags=[meeting,late-night] energy=null commitment=null flags=0 attempts=1 err=-
05-12 12:05:15.429 28546 28559 I VestigeSttD:   RAW id=A2 lens=LITERAL attempts=1 err=- fields={tags=[meeting, late-night], energy_descriptor=null, state_shift=false, vocabulary_contradictions=[], stated_commitment=null, recurrence_link=null, recurrence_kind=null} flags=[]
05-12 12:05:15.429 28546 28559 I VestigeSttD:   RAW id=A2 lens=INFERENTIAL attempts=1 err=- fields={tags=[meeting, late-night], energy_descriptor=null, state_shift=false, vocabulary_contradictions=[], stated_commitment=null, recurrence_link=null, recurrence_kind=null} flags=[]
05-12 12:05:15.429 28546 28559 I VestigeSttD:   RAW id=A2 lens=SKEPTICAL attempts=1 err=- fields={tags=[meeting, late-night], energy_descriptor=null, state_shift=false, vocabulary_contradictions=[], stated_commitment=null, recurrence_link=null, recurrence_kind=null} flags=[]
05-12 12:05:15.429 28546 28559 I VestigeSttD:   DIVERGENCE id=A2 disagree_fields=[] inferential_only=[] skeptical_flags_kept=[] meaningful=false
05-12 12:05:53.674 28546 28559 I VestigeSttD: ENTRY id=A3 elapsed=38243ms lenses_parsed=3/3 model_calls=3
05-12 12:05:53.674 28546 28559 I VestigeSttD:   LITERAL tags=[roadmap-call,post-meeting-routine,tabs-open,zero-movement] energy=null commitment=null flags=0 attempts=1 err=-
05-12 12:05:53.674 28546 28559 I VestigeSttD:   INFERENTIAL tags=[post-meeting,corpse-routine,tabs-open] energy=crashed commitment=null flags=0 attempts=1 err=-
05-12 12:05:53.674 28546 28559 I VestigeSttD:   SKEPTICAL tags=[roadmap-call,post-meeting-routine,tabs,zero-movement] energy=null commitment=null flags=0 attempts=1 err=-
05-12 12:05:53.675 28546 28559 I VestigeSttD:   RAW id=A3 lens=LITERAL attempts=1 err=- fields={tags=[roadmap-call, post-meeting-routine, tabs-open, zero-movement], energy_descriptor=null, state_shift=false, vocabulary_contradictions=[], stated_commitment=null, recurrence_link=null, recurrence_kind=null} flags=[]
05-12 12:05:53.675 28546 28559 I VestigeSttD:   RAW id=A3 lens=INFERENTIAL attempts=1 err=- fields={tags=[post-meeting, corpse-routine, tabs-open], energy_descriptor=crashed, state_shift=false, vocabulary_contradictions=[], stated_commitment=null, recurrence_link=null, recurrence_kind=null} flags=[]
05-12 12:05:53.675 28546 28559 I VestigeSttD:   RAW id=A3 lens=SKEPTICAL attempts=1 err=- fields={tags=[roadmap-call, post-meeting-routine, tabs, zero-movement], energy_descriptor=null, state_shift=false, vocabulary_contradictions=[], stated_commitment=null, recurrence_link=null, recurrence_kind=null} flags=[]
05-12 12:05:53.675 28546 28559 I VestigeSttD:   DIVERGENCE id=A3 disagree_fields=[tags, energy_descriptor] inferential_only=[energy_descriptor] skeptical_flags_kept=[] meaningful=true
05-12 12:06:34.698 28546 28559 I VestigeSttD: ENTRY id=A4 elapsed=41021ms lenses_parsed=3/3 model_calls=3
05-12 12:06:34.698 28546 28559 I VestigeSttD:   LITERAL tags=[battery-yanked] energy=null commitment=null flags=0 attempts=1 err=-
05-12 12:06:34.698 28546 28559 I VestigeSttD:   INFERENTIAL tags=[battery-yanked] energy=null commitment=null flags=0 attempts=1 err=-
05-12 12:06:34.698 28546 28559 I VestigeSttD:   SKEPTICAL tags=[battery-yanked] energy=null commitment=null flags=1 attempts=1 err=-
05-12 12:06:34.699 28546 28559 I VestigeSttD:   RAW id=A4 lens=LITERAL attempts=1 err=- fields={tags=[battery-yanked], energy_descriptor=null, state_shift=false, vocabulary_contradictions=[], stated_commitment=null, recurrence_link=null, recurrence_kind=null} flags=[]
05-12 12:06:34.699 28546 28559 I VestigeSttD:   RAW id=A4 lens=INFERENTIAL attempts=1 err=- fields={tags=[battery-yanked], energy_descriptor=null, state_shift=false, vocabulary_contradictions=[], stated_commitment=null, recurrence_link=null, recurrence_kind=null} flags=[]
05-12 12:06:34.699 28546 28559 I VestigeSttD:   RAW id=A4 lens=SKEPTICAL attempts=1 err=- fields={tags=[battery-yanked], energy_descriptor=null, state_shift=false, vocabulary_contradictions=[{term_a=Not tired exactly, term_b=battery got yanked, snippet=Not tired exactly. More like the battery got yanked after the sync.}], stated_commitment=null, recurrence_link=null, recurrence_kind=null} flags=[vocabulary-contradiction:Not tired exactly. More like the battery got yanked after the sync.:The user negated tiredness then reasserted energy.]
05-12 12:06:34.699 28546 28559 I VestigeSttD:   DIVERGENCE id=A4 disagree_fields=[] inferential_only=[] skeptical_flags_kept=[vocabulary-contradiction:Not tired exactly. More like the battery got yanked after the sync.:The user negated tiredness then reasserted energy.] meaningful=true
05-12 12:07:07.920 28546 28559 I VestigeSttD: ENTRY id=A5 elapsed=33218ms lenses_parsed=3/3 model_calls=3
05-12 12:07:07.921 28546 28559 I VestigeSttD:   LITERAL tags=[client-review,hollow] energy=hollow commitment=null flags=0 attempts=1 err=-
05-12 12:07:07.921 28546 28559 I VestigeSttD:   INFERENTIAL tags=[client-review,hollow] energy=hollow commitment=null flags=0 attempts=1 err=-
05-12 12:07:07.921 28546 28559 I VestigeSttD:   SKEPTICAL tags=[client-review,hollow] energy=hollow commitment=null flags=0 attempts=1 err=-
05-12 12:07:07.921 28546 28559 I VestigeSttD:   RAW id=A5 lens=LITERAL attempts=1 err=- fields={tags=[client-review, hollow], energy_descriptor=hollow, state_shift=false, vocabulary_contradictions=[], stated_commitment=null, recurrence_link=null, recurrence_kind=null} flags=[]
05-12 12:07:07.921 28546 28559 I VestigeSttD:   RAW id=A5 lens=INFERENTIAL attempts=1 err=- fields={tags=[client-review, hollow], energy_descriptor=hollow, state_shift=false, vocabulary_contradictions=[], stated_commitment=null, recurrence_link=null, recurrence_kind=null} flags=[]
05-12 12:07:07.922 28546 28559 I VestigeSttD:   RAW id=A5 lens=SKEPTICAL attempts=1 err=- fields={tags=[client-review, hollow], energy_descriptor=hollow, state_shift=false, vocabulary_contradictions=[], stated_commitment=null, recurrence_link=null, recurrence_kind=null} flags=[]
05-12 12:07:07.922 28546 28559 I VestigeSttD:   DIVERGENCE id=A5 disagree_fields=[] inferential_only=[] skeptical_flags_kept=[] meaningful=false
05-12 12:07:41.856 28546 28559 I VestigeSttD: ENTRY id=A6 elapsed=33930ms lenses_parsed=3/3 model_calls=3
05-12 12:07:41.856 28546 28559 I VestigeSttD:   LITERAL tags=[planning-call] energy=null commitment=null flags=0 attempts=1 err=-
05-12 12:07:41.856 28546 28559 I VestigeSttD:   INFERENTIAL tags=[planning-call,static,awake,not-awake] energy=null commitment=null flags=0 attempts=1 err=-
05-12 12:07:41.857 28546 28559 I VestigeSttD:   SKEPTICAL tags=[planning-call,static,awake,operationally-not] energy=operationally not commitment=null flags=0 attempts=1 err=-
05-12 12:07:41.857 28546 28559 I VestigeSttD:   RAW id=A6 lens=LITERAL attempts=1 err=- fields={tags=[planning-call], energy_descriptor=null, state_shift=false, vocabulary_contradictions=[], stated_commitment=null, recurrence_link=null, recurrence_kind=null} flags=[]
05-12 12:07:41.857 28546 28559 I VestigeSttD:   RAW id=A6 lens=INFERENTIAL attempts=1 err=- fields={tags=[planning-call, static, awake, not-awake], energy_descriptor=null, state_shift=false, vocabulary_contradictions=[], stated_commitment=null, recurrence_link=null, recurrence_kind=null} flags=[]
05-12 12:07:41.857 28546 28559 I VestigeSttD:   RAW id=A6 lens=SKEPTICAL attempts=1 err=- fields={tags=[planning-call, static, awake, operationally-not], energy_descriptor=operationally not, state_shift=true, vocabulary_contradictions=[], stated_commitment=null, recurrence_link=null, recurrence_kind=null} flags=[]
05-12 12:07:41.857 28546 28559 I VestigeSttD:   DIVERGENCE id=A6 disagree_fields=[tags, state_shift] inferential_only=[] skeptical_flags_kept=[] meaningful=true
05-12 12:08:17.495 28546 28559 I VestigeSttD: ENTRY id=B1 elapsed=35634ms lenses_parsed=3/3 model_calls=3
05-12 12:08:17.496 28546 28559 I VestigeSttD:   LITERAL tags=[invoice-email,closing-it] energy=null commitment=null flags=0 attempts=1 err=-
05-12 12:08:17.496 28546 28559 I VestigeSttD:   INFERENTIAL tags=[invoice-email,closing-task] energy=null commitment=null flags=0 attempts=1 err=-
05-12 12:08:17.496 28546 28559 I VestigeSttD:   SKEPTICAL tags=[invoice-email,closing-it-it] energy=null commitment=null flags=0 attempts=1 err=-
05-12 12:08:17.496 28546 28559 I VestigeSttD:   RAW id=B1 lens=LITERAL attempts=1 err=- fields={tags=[invoice-email, closing-it], energy_descriptor=null, state_shift=false, vocabulary_contradictions=[], stated_commitment=null, recurrence_link=null, recurrence_kind=null} flags=[]
05-12 12:08:17.496 28546 28559 I VestigeSttD:   RAW id=B1 lens=INFERENTIAL attempts=1 err=- fields={tags=[invoice-email, closing-task], energy_descriptor=null, state_shift=false, vocabulary_contradictions=[], stated_commitment=null, recurrence_link=null, recurrence_kind=null} flags=[]
05-12 12:08:17.496 28546 28559 I VestigeSttD:   RAW id=B1 lens=SKEPTICAL attempts=1 err=- fields={tags=[invoice-email, closing-it-it], energy_descriptor=null, state_shift=false, vocabulary_contradictions=[], stated_commitment=null, recurrence_link=null, recurrence_kind=null} flags=[]
05-12 12:08:17.496 28546 28559 I VestigeSttD:   DIVERGENCE id=B1 disagree_fields=[tags] inferential_only=[] skeptical_flags_kept=[] meaningful=true
05-12 12:09:03.556 28546 28559 I VestigeSttD: ENTRY id=B2 elapsed=46057ms lenses_parsed=3/3 model_calls=3
05-12 12:09:03.556 28546 28559 I VestigeSttD:   LITERAL tags=[invoice,desktop-reorganization] energy=null commitment=present flags=0 attempts=1 err=-
05-12 12:09:03.557 28546 28559 I VestigeSttD:   INFERENTIAL tags=[<no-parse>] energy=null commitment=null flags=0 attempts=1 err=-
05-12 12:09:03.557 28546 28559 I VestigeSttD:   SKEPTICAL tags=[invoice,desktop-reorganization] energy=null commitment=present flags=1 attempts=1 err=-
05-12 12:09:03.557 28546 28559 I VestigeSttD:   RAW id=B2 lens=LITERAL attempts=1 err=- fields={tags=[invoice, desktop-reorganization], energy_descriptor=null, state_shift=false, vocabulary_contradictions=[], stated_commitment={text=I would send the invoice today, topic_or_person=invoice}, recurrence_link=null, recurrence_kind=null} flags=[]
05-12 12:09:03.557 28546 28559 I VestigeSttD:   RAW id=B2 lens=INFERENTIAL attempts=1 err=- fields={tags=null, energy_descriptor=null, state_shift=null, vocabulary_contradictions=null, stated_commitment=null, recurrence_link=null, recurrence_kind=null} flags=[]
05-12 12:09:03.557 28546 28559 I VestigeSttD:   RAW id=B2 lens=SKEPTICAL attempts=1 err=- fields={tags=[invoice, desktop-reorganization], energy_descriptor=null, state_shift=false, vocabulary_contradictions=[], stated_commitment={text=I would send the invoice today, topic_or_person=invoice}, recurrence_link=null, recurrence_kind=null} flags=[commitment-without-anchor:Said I would send the invoice today. Instead I reorganized the desktop.:The commitment to send the invoice was not followed by the action.]
05-12 12:09:03.557 28546 28559 I VestigeSttD:   DIVERGENCE id=B2 disagree_fields=[] inferential_only=[] skeptical_flags_kept=[commitment-without-anchor:Said I would send the invoice today. Instead I reorganized the desktop.:The commitment to send the invoice was not followed by the action.] meaningful=true
05-12 12:09:47.119 28546 28559 I VestigeSttD: ENTRY id=B3 elapsed=43558ms lenses_parsed=2/3 model_calls=4
05-12 12:09:47.120 28546 28559 I VestigeSttD:   LITERAL tags=[invoice,cursor] energy=null commitment=null flags=0 attempts=1 err=-
05-12 12:09:47.120 28546 28559 I VestigeSttD:   INFERENTIAL tags=[invoice,cursor] energy=null commitment=null flags=0 attempts=1 err=-
05-12 12:09:47.120 28546 28559 I VestigeSttD:   SKEPTICAL tags=[<no-parse>] energy=null commitment=null flags=0 attempts=2 err=parse-fail
05-12 12:09:47.121 28546 28559 I VestigeSttD:   RAW id=B3 lens=LITERAL attempts=1 err=- fields={tags=[invoice, cursor], energy_descriptor=null, state_shift=false, vocabulary_contradictions=[], stated_commitment=null, recurrence_link=null, recurrence_kind=null} flags=[]
05-12 12:09:47.121 28546 28559 I VestigeSttD:   RAW id=B3 lens=INFERENTIAL attempts=1 err=- fields={tags=[invoice, cursor], energy_descriptor=null, state_shift=false, vocabulary_contradictions=[], stated_commitment=null, recurrence_link=null, recurrence_kind=null} flags=[]
05-12 12:09:47.121 28546 28559 I VestigeSttD:   RAW id=B3 lens=SKEPTICAL attempts=2 err=parse-fail fields=<no-parse> flags=[]
05-12 12:09:47.121 28546 28559 I VestigeSttD:   DIVERGENCE id=B3 disagree_fields=[] inferential_only=[] skeptical_flags_kept=[] meaningful=false
05-12 12:10:27.105 28546 28559 I VestigeSttD: ENTRY id=C1 elapsed=39981ms lenses_parsed=3/3 model_calls=3
05-12 12:10:27.105 28546 28559 I VestigeSttD:   LITERAL tags=[task-app,spreadsheet] energy=null commitment=null flags=0 attempts=1 err=-
05-12 12:10:27.106 28546 28559 I VestigeSttD:   INFERENTIAL tags=[task-app-selection,spreadsheet] energy=null commitment=null flags=0 attempts=1 err=-
05-12 12:10:27.106 28546 28559 I VestigeSttD:   SKEPTICAL tags=[task-app-selection,spreadsheet] energy=null commitment=null flags=1 attempts=1 err=-
05-12 12:10:27.106 28546 28559 I VestigeSttD:   RAW id=C1 lens=LITERAL attempts=1 err=- fields={tags=[task-app, spreadsheet], energy_descriptor=null, state_shift=false, vocabulary_contradictions=[], stated_commitment=null, recurrence_link=null, recurrence_kind=null} flags=[]
05-12 12:10:27.107 28546 28559 I VestigeSttD:   RAW id=C1 lens=INFERENTIAL attempts=1 err=- fields={tags=[task-app-selection, spreadsheet], energy_descriptor=null, state_shift=false, vocabulary_contradictions=[], stated_commitment=null, recurrence_link=null, recurrence_kind=null} flags=[]
05-12 12:10:27.107 28546 28559 I VestigeSttD:   RAW id=C1 lens=SKEPTICAL attempts=1 err=- fields={tags=[task-app-selection, spreadsheet], energy_descriptor=null, state_shift=false, vocabulary_contradictions=[], stated_commitment=null, recurrence_link=null, recurrence_kind=null} flags=[unsupported-recurrence:Same three criteria:The claim of using the same criteria lacks supporting history.]
05-12 12:10:27.107 28546 28559 I VestigeSttD:   DIVERGENCE id=C1 disagree_fields=[tags] inferential_only=[] skeptical_flags_kept=[unsupported-recurrence:Same three criteria:The claim of using the same criteria lacks supporting history.] meaningful=true
05-12 12:11:03.922 28546 28559 I VestigeSttD: ENTRY id=C2 elapsed=36812ms lenses_parsed=3/3 model_calls=3
05-12 12:11:03.923 28546 28559 I VestigeSttD:   LITERAL tags=[task-app,decision-loop] energy=null commitment=null flags=0 attempts=1 err=-
05-12 12:11:03.923 28546 28559 I VestigeSttD:   INFERENTIAL tags=[decision-looping,task-app] energy=null commitment=null flags=0 attempts=1 err=-
05-12 12:11:03.923 28546 28559 I VestigeSttD:   SKEPTICAL tags=[task-app,decision-loop] energy=null commitment=null flags=0 attempts=1 err=-
05-12 12:11:03.923 28546 28559 I VestigeSttD:   RAW id=C2 lens=LITERAL attempts=1 err=- fields={tags=[task-app, decision-loop], energy_descriptor=null, state_shift=false, vocabulary_contradictions=[], stated_commitment=null, recurrence_link=null, recurrence_kind=null} flags=[]
05-12 12:11:03.923 28546 28559 I VestigeSttD:   RAW id=C2 lens=INFERENTIAL attempts=1 err=- fields={tags=[decision-looping, task-app], energy_descriptor=null, state_shift=false, vocabulary_contradictions=[], stated_commitment=null, recurrence_link=null, recurrence_kind=null} flags=[]
05-12 12:11:03.923 28546 28559 I VestigeSttD:   RAW id=C2 lens=SKEPTICAL attempts=1 err=- fields={tags=[task-app, decision-loop], energy_descriptor=null, state_shift=false, vocabulary_contradictions=[], stated_commitment=null, recurrence_link=null, recurrence_kind=null} flags=[]
05-12 12:11:03.923 28546 28559 I VestigeSttD:   DIVERGENCE id=C2 disagree_fields=[tags] inferential_only=[] skeptical_flags_kept=[] meaningful=true
05-12 12:11:39.776 28546 28559 I VestigeSttD: ENTRY id=C3 elapsed=35850ms lenses_parsed=3/3 model_calls=3
05-12 12:11:39.776 28546 28559 I VestigeSttD:   LITERAL tags=[comparison-table] energy=null commitment=null flags=0 attempts=1 err=-
05-12 12:11:39.776 28546 28559 I VestigeSttD:   INFERENTIAL tags=[comparison-table] energy=null commitment=null flags=0 attempts=1 err=-
05-12 12:11:39.776 28546 28559 I VestigeSttD:   SKEPTICAL tags=[comparison-table] energy=null commitment=null flags=0 attempts=1 err=-
05-12 12:11:39.776 28546 28559 I VestigeSttD:   RAW id=C3 lens=LITERAL attempts=1 err=- fields={tags=[comparison-table], energy_descriptor=null, state_shift=false, vocabulary_contradictions=[], stated_commitment=null, recurrence_link=null, recurrence_kind=null} flags=[]
05-12 12:11:39.776 28546 28559 I VestigeSttD:   RAW id=C3 lens=INFERENTIAL attempts=1 err=- fields={tags=[comparison-table], energy_descriptor=null, state_shift=false, vocabulary_contradictions=[], stated_commitment=null, recurrence_link=null, recurrence_kind=null} flags=[]
05-12 12:11:39.776 28546 28559 I VestigeSttD:   RAW id=C3 lens=SKEPTICAL attempts=1 err=- fields={tags=[comparison-table], energy_descriptor=null, state_shift=false, vocabulary_contradictions=[], stated_commitment=null, recurrence_link=null, recurrence_kind=null} flags=[]
05-12 12:11:39.776 28546 28559 I VestigeSttD:   DIVERGENCE id=C3 disagree_fields=[] inferential_only=[] skeptical_flags_kept=[] meaningful=false
05-12 12:12:14.577 28546 28559 I VestigeSttD: ENTRY id=D1 elapsed=34798ms lenses_parsed=3/3 model_calls=3
05-12 12:12:14.577 28546 28559 I VestigeSttD:   LITERAL tags=[late-night,notes-app] energy=null commitment=null flags=0 attempts=1 err=-
05-12 12:12:14.578 28546 28559 I VestigeSttD:   INFERENTIAL tags=[late-night,notes-app] energy=null commitment=null flags=0 attempts=1 err=-
05-12 12:12:14.578 28546 28559 I VestigeSttD:   SKEPTICAL tags=[late-night,notes-app,rearranging] energy=null commitment=null flags=0 attempts=1 err=-
05-12 12:12:14.578 28546 28559 I VestigeSttD:   RAW id=D1 lens=LITERAL attempts=1 err=- fields={tags=[late-night, notes-app], energy_descriptor=null, state_shift=false, vocabulary_contradictions=[], stated_commitment=null, recurrence_link=null, recurrence_kind=null} flags=[]
05-12 12:12:14.579 28546 28559 I VestigeSttD:   RAW id=D1 lens=INFERENTIAL attempts=1 err=- fields={tags=[late-night, notes-app], energy_descriptor=null, state_shift=false, vocabulary_contradictions=[], stated_commitment=null, recurrence_link=null, recurrence_kind=null} flags=[]
05-12 12:12:14.579 28546 28559 I VestigeSttD:   RAW id=D1 lens=SKEPTICAL attempts=1 err=- fields={tags=[late-night, notes-app, rearranging], energy_descriptor=null, state_shift=false, vocabulary_contradictions=[], stated_commitment=null, recurrence_link=null, recurrence_kind=null} flags=[]
05-12 12:12:14.579 28546 28559 I VestigeSttD:   DIVERGENCE id=D1 disagree_fields=[tags] inferential_only=[] skeptical_flags_kept=[] meaningful=true
05-12 12:12:51.460 28546 28559 I VestigeSttD: ENTRY id=D2 elapsed=36877ms lenses_parsed=3/3 model_calls=3
05-12 12:12:51.460 28546 28559 I VestigeSttD:   LITERAL tags=[late-night,decision-loop] energy=null commitment=null flags=0 attempts=1 err=-
05-12 12:12:51.460 28546 28559 I VestigeSttD:   INFERENTIAL tags=[late-night,decision-loop] energy=null commitment=null flags=0 attempts=1 err=-
05-12 12:12:51.461 28546 28559 I VestigeSttD:   SKEPTICAL tags=[late-night,folder-structure] energy=null commitment=null flags=0 attempts=1 err=-
05-12 12:12:51.461 28546 28559 I VestigeSttD:   RAW id=D2 lens=LITERAL attempts=1 err=- fields={tags=[late-night, decision-loop], energy_descriptor=null, state_shift=false, vocabulary_contradictions=[], stated_commitment=null, recurrence_link=null, recurrence_kind=null} flags=[]
05-12 12:12:51.461 28546 28559 I VestigeSttD:   RAW id=D2 lens=INFERENTIAL attempts=1 err=- fields={tags=[late-night, decision-loop], energy_descriptor=null, state_shift=false, vocabulary_contradictions=[], stated_commitment=null, recurrence_link=null, recurrence_kind=null} flags=[]
05-12 12:12:51.461 28546 28559 I VestigeSttD:   RAW id=D2 lens=SKEPTICAL attempts=1 err=- fields={tags=[late-night, folder-structure], energy_descriptor=null, state_shift=false, vocabulary_contradictions=[], stated_commitment=null, recurrence_link=null, recurrence_kind=null} flags=[]
05-12 12:12:51.462 28546 28559 I VestigeSttD:   DIVERGENCE id=D2 disagree_fields=[tags] inferential_only=[] skeptical_flags_kept=[] meaningful=true
05-12 12:13:28.323 28546 28559 I VestigeSttD: ENTRY id=D3 elapsed=36858ms lenses_parsed=3/3 model_calls=3
05-12 12:13:28.323 28546 28559 I VestigeSttD:   LITERAL tags=[4:07am,archive,naming-convention] energy=null commitment=null flags=0 attempts=1 err=-
05-12 12:13:28.324 28546 28559 I VestigeSttD:   INFERENTIAL tags=[archive,naming-convention] energy=null commitment=null flags=0 attempts=1 err=-
05-12 12:13:28.324 28546 28559 I VestigeSttD:   SKEPTICAL tags=[4:07am,archive-naming-convention] energy=null commitment=null flags=0 attempts=1 err=-
05-12 12:13:28.324 28546 28559 I VestigeSttD:   RAW id=D3 lens=LITERAL attempts=1 err=- fields={tags=[4:07am, archive, naming-convention], energy_descriptor=null, state_shift=false, vocabulary_contradictions=[], stated_commitment=null, recurrence_link=null, recurrence_kind=null} flags=[]
05-12 12:13:28.324 28546 28559 I VestigeSttD:   RAW id=D3 lens=INFERENTIAL attempts=1 err=- fields={tags=[archive, naming-convention], energy_descriptor=null, state_shift=false, vocabulary_contradictions=[], stated_commitment=null, recurrence_link=null, recurrence_kind=null} flags=[]
05-12 12:13:28.324 28546 28559 I VestigeSttD:   RAW id=D3 lens=SKEPTICAL attempts=1 err=- fields={tags=[4:07am, archive-naming-convention], energy_descriptor=null, state_shift=false, vocabulary_contradictions=[], stated_commitment=null, recurrence_link=null, recurrence_kind=null} flags=[]
05-12 12:13:28.324 28546 28559 I VestigeSttD:   DIVERGENCE id=D3 disagree_fields=[tags] inferential_only=[] skeptical_flags_kept=[] meaningful=true
05-12 12:13:28.324 28546 28559 I VestigeSttD: === STT-D summary: 11/15 divergent ===
05-12 12:13:28.325 28546 28559 I VestigeSttD:   A1: meaningful=true fields=[tags] skeptical_flags=1 inferential_only=[] elapsed=32522ms
05-12 12:13:28.325 28546 28559 I VestigeSttD:   A2: meaningful=false fields=[] skeptical_flags=0 inferential_only=[] elapsed=31714ms
05-12 12:13:28.325 28546 28559 I VestigeSttD:   A3: meaningful=true fields=[tags, energy_descriptor] skeptical_flags=0 inferential_only=[energy_descriptor] elapsed=38243ms
05-12 12:13:28.325 28546 28559 I VestigeSttD:   A4: meaningful=true fields=[] skeptical_flags=1 inferential_only=[] elapsed=41021ms
05-12 12:13:28.325 28546 28559 I VestigeSttD:   A5: meaningful=false fields=[] skeptical_flags=0 inferential_only=[] elapsed=33218ms
05-12 12:13:28.325 28546 28559 I VestigeSttD:   A6: meaningful=true fields=[tags, state_shift] skeptical_flags=0 inferential_only=[] elapsed=33930ms
05-12 12:13:28.325 28546 28559 I VestigeSttD:   B1: meaningful=true fields=[tags] skeptical_flags=0 inferential_only=[] elapsed=35634ms
05-12 12:13:28.325 28546 28559 I VestigeSttD:   B2: meaningful=true fields=[] skeptical_flags=1 inferential_only=[] elapsed=46057ms
05-12 12:13:28.325 28546 28559 I VestigeSttD:   B3: meaningful=false fields=[] skeptical_flags=0 inferential_only=[] elapsed=43558ms
05-12 12:13:28.325 28546 28559 I VestigeSttD:   C1: meaningful=true fields=[tags] skeptical_flags=1 inferential_only=[] elapsed=39981ms
05-12 12:13:28.325 28546 28559 I VestigeSttD:   C2: meaningful=true fields=[tags] skeptical_flags=0 inferential_only=[] elapsed=36812ms
05-12 12:13:28.325 28546 28559 I VestigeSttD:   C3: meaningful=false fields=[] skeptical_flags=0 inferential_only=[] elapsed=35850ms
05-12 12:13:28.325 28546 28559 I VestigeSttD:   D1: meaningful=true fields=[tags] skeptical_flags=0 inferential_only=[] elapsed=34798ms
05-12 12:13:28.325 28546 28559 I VestigeSttD:   D2: meaningful=true fields=[tags] skeptical_flags=0 inferential_only=[] elapsed=36877ms
05-12 12:13:28.325 28546 28559 I VestigeSttD:   D3: meaningful=true fields=[tags] skeptical_flags=0 inferential_only=[] elapsed=36858ms
